update.go:85: cannot change mount namespace according to change mount (/var/lib/snapd/hostfs/usr/local/share/doc /usr/local/share/doc none bind,ro 0 0): cannot open directory "/usr/local/share": permission denied
update.go:85: cannot change mount namespace according to change mount (/var/lib/snapd/hostfs/usr/share/gimp/2.0/help /usr/share/gimp/2.0/help none bind,ro 0 0): cannot write to "/var/lib/snapd/hostfs/usr/share/gimp/2.0/help" because it would affect the host in "/var/lib/snapd"
update.go:85: cannot change mount namespace according to change mount (/var/lib/snapd/hostfs/usr/share/sphinx_rtd_theme /usr/share/sphinx_rtd_theme none bind,ro 0 0): cannot write to "/var/lib/snapd/hostfs/usr/share/sphinx_rtd_theme" because it would affect the host in "/var/lib/snapd"
update.go:85: cannot change mount namespace according to change mount (/var/lib/snapd/hostfs/usr/share/xubuntu-docs /usr/share/xubuntu-docs none bind,ro 0 0): cannot write to "/var/lib/snapd/hostfs/usr/share/xubuntu-docs" because it would affect the host in "/var/lib/snapd"
1717395435740	geckodriver	INFO	Listening on 127.0.0.1:42241
1717395436093	mozrunner::runner	INFO	Running command: MOZ_CRASHREPORTER="1" MOZ_CRASHREPORTER_NO_REPORT="1" MOZ_CRASHREPORTER_SHUTDOWN="1" MOZ_NO_REMOTE="1" "/sna ... ss" "--remote-debugging-port" "39063" "--remote-allow-hosts" "localhost" "-no-remote" "-profile" "/tmp/rust_mozprofile4ZFxmE"
Gtk-Message: 15:17:16.115: Not loading module "atk-bridge": The functionality is provided by GTK natively. Please try to not load it.
[28443, Main Thread] WARNING: GTK+ module /snap/firefox/4259/gnome-platform/usr/lib/gtk-2.0/modules/libcanberra-gtk-module.so cannot be loaded.
GTK+ 2.x symbols detected. Using GTK+ 2.x and GTK+ 3 in the same process is not supported.: 'glib warning', file /build/firefox/parts/firefox/build/toolkit/xre/nsSigHandlers.cpp:187

(firefox:28443): Gtk-WARNING **: 15:17:16.159: GTK+ module /snap/firefox/4259/gnome-platform/usr/lib/gtk-2.0/modules/libcanberra-gtk-module.so cannot be loaded.
GTK+ 2.x symbols detected. Using GTK+ 2.x and GTK+ 3 in the same process is not supported.
Gtk-Message: 15:17:16.159: Failed to load module "canberra-gtk-module"
[28443, Main Thread] WARNING: GTK+ module /snap/firefox/4259/gnome-platform/usr/lib/gtk-2.0/modules/libcanberra-gtk-module.so cannot be loaded.
GTK+ 2.x symbols detected. Using GTK+ 2.x and GTK+ 3 in the same process is not supported.: 'glib warning', file /build/firefox/parts/firefox/build/toolkit/xre/nsSigHandlers.cpp:187

(firefox:28443): Gtk-WARNING **: 15:17:16.160: GTK+ module /snap/firefox/4259/gnome-platform/usr/lib/gtk-2.0/modules/libcanberra-gtk-module.so cannot be loaded.
GTK+ 2.x symbols detected. Using GTK+ 2.x and GTK+ 3 in the same process is not supported.
Gtk-Message: 15:17:16.160: Failed to load module "canberra-gtk-module"
console.warn: services.settings: Ignoring preference override of remote settings server
console.warn: services.settings: Allow by setting MOZ_REMOTE_SETTINGS_DEVTOOLS=1 in the environment
1717395436547	Marionette	INFO	Marionette enabled
1717395436642	Marionette	INFO	Listening on port 34067
Read port: 34067
WebDriver BiDi listening on ws://127.0.0.1:39063
1717395436788	RemoteAgent	WARN	TLS certificate errors will be ignored for this session
console.error: ({})
DevTools listening on ws://127.0.0.1:39063/devtools/browser/a6b2643a-50c0-46f6-812a-9626558e70e0
1717395437743	Marionette	WARN	Ignoring event 'pageshow' because document has an invalid readyState of 'uninitialized'.
console.error: "update.locale" " file doesn't exist in either the application or GRE directories"
1717395467242	addons.xpi	ERROR	System addon update list error SyntaxError: XMLHttpRequest.open: 'http://%(server)s/dummy-system-addons.xml' is not a valid URL.
1717395600916	geckodriver	INFO	Listening on 127.0.0.1:54265
1717395601348	mozrunner::runner	INFO	Running command: MOZ_CRASHREPORTER="1" MOZ_CRASHREPORTER_NO_REPORT="1" MOZ_CRASHREPORTER_SHUTDOWN="1" MOZ_NO_REMOTE="1" "/sna ... ss" "--remote-debugging-port" "58419" "--remote-allow-hosts" "localhost" "-no-remote" "-profile" "/tmp/rust_mozprofilerlkTts"
Gtk-Message: 15:20:01.366: Not loading module "atk-bridge": The functionality is provided by GTK natively. Please try to not load it.
[29119, Main Thread] WARNING: GTK+ module /snap/firefox/4259/gnome-platform/usr/lib/gtk-2.0/modules/libcanberra-gtk-module.so cannot be loaded.
GTK+ 2.x symbols detected. Using GTK+ 2.x and GTK+ 3 in the same process is not supported.: 'glib warning', file /build/firefox/parts/firefox/build/toolkit/xre/nsSigHandlers.cpp:187

(firefox:29119): Gtk-WARNING **: 15:20:01.408: GTK+ module /snap/firefox/4259/gnome-platform/usr/lib/gtk-2.0/modules/libcanberra-gtk-module.so cannot be loaded.
GTK+ 2.x symbols detected. Using GTK+ 2.x and GTK+ 3 in the same process is not supported.
Gtk-Message: 15:20:01.408: Failed to load module "canberra-gtk-module"
[29119, Main Thread] WARNING: GTK+ module /snap/firefox/4259/gnome-platform/usr/lib/gtk-2.0/modules/libcanberra-gtk-module.so cannot be loaded.
GTK+ 2.x symbols detected. Using GTK+ 2.x and GTK+ 3 in the same process is not supported.: 'glib warning', file /build/firefox/parts/firefox/build/toolkit/xre/nsSigHandlers.cpp:187

(firefox:29119): Gtk-WARNING **: 15:20:01.408: GTK+ module /snap/firefox/4259/gnome-platform/usr/lib/gtk-2.0/modules/libcanberra-gtk-module.so cannot be loaded.
GTK+ 2.x symbols detected. Using GTK+ 2.x and GTK+ 3 in the same process is not supported.
Gtk-Message: 15:20:01.408: Failed to load module "canberra-gtk-module"
console.warn: services.settings: Ignoring preference override of remote settings server
console.warn: services.settings: Allow by setting MOZ_REMOTE_SETTINGS_DEVTOOLS=1 in the environment
1717395601708	Marionette	INFO	Marionette enabled
1717395601886	Marionette	INFO	Listening on port 33589
WebDriver BiDi listening on ws://127.0.0.1:58419
Read port: 33589
1717395601990	RemoteAgent	WARN	TLS certificate errors will be ignored for this session
console.error: ({})
DevTools listening on ws://127.0.0.1:58419/devtools/browser/eaddd32d-0e28-4d12-b95d-7d2551cee582
1717395603198	Marionette	WARN	Ignoring event 'pageshow' because document has an invalid readyState of 'uninitialized'.
1717395607077	Marionette	INFO	Stopped listening on port 33589
1717395760468	Marionette	INFO	Stopped listening on port 34067
